#
# There is insufficient memory for the Java Runtime Environment to continue.
# Native memory allocation (malloc) failed to allocate 32744 bytes for ChunkPool::allocate
# Possible reasons:
#   The system is out of physical RAM or swap space
#   The process is running with CompressedOops enabled, and the Java Heap may be blocking the growth of the native heap
# Possible solutions:
#   Reduce memory load on the system
#   Increase physical memory or swap space
#   Check if swap backing store is full
#   Decrease Java heap size (-Xmx/-Xms)
#   Decrease number of Java threads
#   Decrease Java thread stack sizes (-Xss)
#   Set larger code cache with -XX:ReservedCodeCacheSize=
#   JVM is running with Unscaled Compressed Oops mode in which the Java heap is
#     placed in the first 4GB address space. The Java Heap base address is the
#     maximum limit for the native heap growth. Please use -XX:HeapBaseMinAddress
#     to set the Java Heap base and to place the Java Heap above 4GB virtual address.
# This output file may be truncated or incomplete.
#
#  Out of Memory Error (arena.cpp:78), pid=5788, tid=9224
#
# JRE version: Java(TM) SE Runtime Environment (17.0.12+8) (build 17.0.12+8-LTS-286)
# Java VM: Java HotSpot(TM) 64-Bit Server VM (17.0.12+8-LTS-286, mixed mode, sharing, tiered, compressed oops, compressed class ptrs, g1 gc, windows-amd64)
# No core dump will be written. Minidumps are not enabled by default on client versions of Windows
#

---------------  S U M M A R Y ------------

Command Line: -javaagent:D:\program\IntelliJ IDEA Community Edition 2025.2.1\lib\idea_rt.jar=64412 -Dfile.encoding=UTF-8 com.example.QA.QaApplication

Host: 11th Gen Intel(R) Core(TM) i5-1135G7 @ 2.40GHz, 8 cores, 7G,  Windows 11 , 64 bit Build 22621 (10.0.22621.5415)
Time: Thu Sep 18 13:00:09 2025 Sri Lanka Standard Time elapsed time: 16.671517 seconds (0d 0h 0m 16s)

---------------  T H R E A D  ---------------

Current thread (0x000001e6e8b2b760):  JavaThread "C1 CompilerThread0" daemon [_thread_in_native, id=9224, stack(0x000000971bb00000,0x000000971bc00000)]


Current CompileTask:
C1:  16671 4254       3       sun.reflect.annotation.AnnotationParser::parseMemberValue (230 bytes)

Stack: [0x000000971bb00000,0x000000971bc00000]
Native frames: (J=compiled Java code, j=interpreted, Vv=VM code, C=native code)
V  [jvm.dll+0x67a04a]
V  [jvm.dll+0x7da4ed]
V  [jvm.dll+0x7dbe33]
V  [jvm.dll+0x7dc4a3]
V  [jvm.dll+0x24508f]
V  [jvm.dll+0xab9a4]
V  [jvm.dll+0xabd3c]
V  [jvm.dll+0x175ad3]
V  [jvm.dll+0x175b9e]
V  [jvm.dll+0x17836f]
V  [jvm.dll+0x179cc1]
V  [jvm.dll+0x135633]
V  [jvm.dll+0x134eff]
V  [jvm.dll+0x135148]
V  [jvm.dll+0x1345d1]
V  [jvm.dll+0x1362bd]
V  [jvm.dll+0x22610b]
V  [jvm.dll+0x2242ab]
V  [jvm.dll+0x79075c]
V  [jvm.dll+0x78abea]
V  [jvm.dll+0x678f35]
C  [ucrtbase.dll+0x29333]
C  [KERNEL32.DLL+0x1259d]
C  [ntdll.dll+0x5af78]


---------------  P R O C E S S  ---------------

Threads class SMR info:
_java_thread_list=0x000001e6ef0714c0, length=20, elements={
0x000001e6cabf3910, 0x000001e6e8b13620, 0x000001e6e8b13fe0, 0x000001e6e8b261c0,
0x000001e6e8b26b80, 0x000001e6e8b29550, 0x000001e6e8b29f10, 0x000001e6e8b2acb0,
0x000001e6e8b2b760, 0x000001e6e8b2c160, 0x000001e6e8affa40, 0x000001e6ed1359c0,
0x000001e6ed1364b0, 0x000001e6edf4dd20, 0x000001e6eda46140, 0x000001e6ef260e70,
0x000001e6ef260450, 0x000001e6ef25f010, 0x000001e6ef260960, 0x000001e6ef261da0
}

Java Threads: ( => current thread )
  0x000001e6cabf3910 JavaThread "main" [_thread_blocked, id=16244, stack(0x000000971ad00000,0x000000971ae00000)]
  0x000001e6e8b13620 JavaThread "Reference Handler" daemon [_thread_blocked, id=19720, stack(0x000000971b400000,0x000000971b500000)]
  0x000001e6e8b13fe0 JavaThread "Finalizer" daemon [_thread_blocked, id=11300, stack(0x000000971b500000,0x000000971b600000)]
  0x000001e6e8b261c0 JavaThread "Signal Dispatcher" daemon [_thread_blocked, id=19948, stack(0x000000971b600000,0x000000971b700000)]
  0x000001e6e8b26b80 JavaThread "Attach Listener" daemon [_thread_blocked, id=21036, stack(0x000000971b700000,0x000000971b800000)]
  0x000001e6e8b29550 JavaThread "Service Thread" daemon [_thread_blocked, id=20000, stack(0x000000971b800000,0x000000971b900000)]
  0x000001e6e8b29f10 JavaThread "Monitor Deflation Thread" daemon [_thread_blocked, id=7388, stack(0x000000971b900000,0x000000971ba00000)]
  0x000001e6e8b2acb0 JavaThread "C2 CompilerThread0" daemon [_thread_in_native, id=19824, stack(0x000000971ba00000,0x000000971bb00000)]
=>0x000001e6e8b2b760 JavaThread "C1 CompilerThread0" daemon [_thread_in_native, id=9224, stack(0x000000971bb00000,0x000000971bc00000)]
  0x000001e6e8b2c160 JavaThread "Sweeper thread" daemon [_thread_blocked, id=6240, stack(0x000000971bc00000,0x000000971bd00000)]
  0x000001e6e8affa40 JavaThread "Common-Cleaner" daemon [_thread_blocked, id=6348, stack(0x000000971bd00000,0x000000971be00000)]
  0x000001e6ed1359c0 JavaThread "Monitor Ctrl-Break" daemon [_thread_in_native, id=10108, stack(0x000000971be00000,0x000000971bf00000)]
  0x000001e6ed1364b0 JavaThread "Notification Thread" daemon [_thread_blocked, id=10448, stack(0x000000971bf00000,0x000000971c000000)]
  0x000001e6edf4dd20 JavaThread "Thread-0" [_thread_blocked, id=20264, stack(0x000000971c200000,0x000000971c300000)]
  0x000001e6eda46140 JavaThread "restartedMain" [_thread_in_vm, id=10540, stack(0x000000971c300000,0x000000971c400000)]
  0x000001e6ef260e70 JavaThread "Catalina-utility-1" [_thread_blocked, id=15796, stack(0x000000971cd00000,0x000000971ce00000)]
  0x000001e6ef260450 JavaThread "Catalina-utility-2" [_thread_blocked, id=21264, stack(0x000000971ce00000,0x000000971cf00000)]
  0x000001e6ef25f010 JavaThread "container-0" [_thread_blocked, id=9068, stack(0x000000971cf00000,0x000000971d000000)]
  0x000001e6ef260960 JavaThread "HikariPool-1:housekeeper" daemon [_thread_blocked, id=20380, stack(0x000000971c100000,0x000000971c200000)]
  0x000001e6ef261da0 JavaThread "HikariPool-1:connection-adder" daemon [_thread_blocked, id=2420, stack(0x000000971ca00000,0x000000971cb00000)]

Other Threads:
  0x000001e6e8b0dc70 VMThread "VM Thread" [stack: 0x000000971b300000,0x000000971b400000] [id=9892]
  0x000001e6ed136ba0 WatcherThread [stack: 0x000000971c000000,0x000000971c100000] [id=10172]
  0x000001e6cac4a960 GCTaskThread "GC Thread#0" [stack: 0x000000971ae00000,0x000000971af00000] [id=5584]
  0x000001e6ee24b800 GCTaskThread "GC Thread#1" [stack: 0x000000971c400000,0x000000971c500000] [id=4600]
  0x000001e6ee06d9a0 GCTaskThread "GC Thread#2" [stack: 0x000000971c500000,0x000000971c600000] [id=7616]
  0x000001e6ee06dc60 GCTaskThread "GC Thread#3" [stack: 0x000000971c600000,0x000000971c700000] [id=9664]
  0x000001e6ee11efa0 GCTaskThread "GC Thread#4" [stack: 0x000000971c700000,0x000000971c800000] [id=10412]
  0x000001e6ee11f670 GCTaskThread "GC Thread#5" [stack: 0x000000971c800000,0x000000971c900000] [id=14720]
  0x000001e6ee532b80 GCTaskThread "GC Thread#6" [stack: 0x000000971cb00000,0x000000971cc00000] [id=20152]
  0x000001e6ee3ef7f0 GCTaskThread "GC Thread#7" [stack: 0x000000971cc00000,0x000000971cd00000] [id=18536]
  0x000001e6cac5cf50 ConcurrentGCThread "G1 Main Marker" [stack: 0x000000971af00000,0x000000971b000000] [id=12460]
  0x000001e6cac5d960 ConcurrentGCThread "G1 Conc#0" [stack: 0x000000971b000000,0x000000971b100000] [id=10780]
  0x000001e6ef442350 ConcurrentGCThread "G1 Conc#1" [stack: 0x000000971c900000,0x000000971ca00000] [id=12996]
  0x000001e6cac9e880 ConcurrentGCThread "G1 Refine#0" [stack: 0x000000971b100000,0x000000971b200000] [id=12264]
  0x000001e6e89bc760 ConcurrentGCThread "G1 Service" [stack: 0x000000971b200000,0x000000971b300000] [id=17624]

Threads with active compile tasks:
C2 CompilerThread0    16703 4252   !   4       java.net.URL::<init> (543 bytes)
C1 CompilerThread0    16703 4254       3       sun.reflect.annotation.AnnotationParser::parseMemberValue (230 bytes)

VM state: not at safepoint (normal execution)

VM Mutex/Monitor currently owned by a thread: None

Heap address: 0x0000000084c00000, size: 1972 MB, Compressed Oops mode: 32-bit

CDS archive(s) mapped at: [0x000001e680000000-0x000001e680bd0000-0x000001e680bd0000), size 12386304, SharedBaseAddress: 0x000001e680000000, ArchiveRelocationMode: 1.
Compressed class space mapped at: 0x000001e681000000-0x000001e6c1000000, reserved size: 1073741824
Narrow klass base: 0x000001e680000000, Narrow klass shift: 0, Narrow klass range: 0x100000000

GC Precious Log:
 CPUs: 8 total, 8 available
 Memory: 7886M
 Large Page Support: Disabled
 NUMA Support: Disabled
 Compressed Oops: Enabled (32-bit)
 Heap Region Size: 1M
 Heap Min Capacity: 8M
 Heap Initial Capacity: 124M
 Heap Max Capacity: 1972M
 Pre-touch: Disabled
 Parallel Workers: 8
 Concurrent Workers: 2
 Concurrent Refinement Workers: 8
 Periodic GC: Disabled

Heap:
 garbage-first heap   total 55296K, used 23588K [0x0000000084c00000, 0x0000000100000000)
  region size 1024K, 4 young (4096K), 1 survivors (1024K)
 Metaspace       used 41228K, committed 41664K, reserved 1114112K
  class space    used 5469K, committed 5696K, reserved 1048576K

Heap Regions: E=young(eden), S=young(survivor), O=old, HS=humongous(starts), HC=humongous(continues), CS=collection set, F=free, OA=open archive, CA=closed archive, TAMS=top-at-mark-start (previous, next)
|   0|0x0000000084c00000, 0x0000000084d00000, 0x0000000084d00000|100%|HS|  |TAMS 0x0000000084d00000, 0x0000000084c00000| Complete 
|   1|0x0000000084d00000, 0x0000000084e00000, 0x0000000084e00000|100%|HS|  |TAMS 0x0000000084e00000, 0x0000000084d00000| Complete 
|   2|0x0000000084e00000, 0x0000000084f00000, 0x0000000084f00000|100%| O|  |TAMS 0x0000000084f00000, 0x0000000084e00000| Untracked 
|   3|0x0000000084f00000, 0x0000000085000000, 0x0000000085000000|100%| O|  |TAMS 0x0000000085000000, 0x0000000084f00000| Untracked 
|   4|0x0000000085000000, 0x0000000085100000, 0x0000000085100000|100%| O|  |TAMS 0x0000000085100000, 0x0000000085000000| Untracked 
|   5|0x0000000085100000, 0x0000000085200000, 0x0000000085200000|100%| O|  |TAMS 0x0000000085200000, 0x0000000085100000| Untracked 
|   6|0x0000000085200000, 0x0000000085300000, 0x0000000085300000|100%| O|  |TAMS 0x0000000085300000, 0x0000000085200000| Untracked 
|   7|0x0000000085300000, 0x0000000085400000, 0x0000000085400000|100%| O|  |TAMS 0x0000000085400000, 0x0000000085300000| Untracked 
|   8|0x0000000085400000, 0x0000000085500000, 0x0000000085500000|100%| O|  |TAMS 0x0000000085500000, 0x0000000085400000| Untracked 
|   9|0x0000000085500000, 0x0000000085600000, 0x0000000085600000|100%| O|  |TAMS 0x0000000085600000, 0x0000000085500000| Untracked 
|  10|0x0000000085600000, 0x0000000085700000, 0x0000000085700000|100%| O|  |TAMS 0x0000000085700000, 0x0000000085600000| Untracked 
|  11|0x0000000085700000, 0x0000000085800000, 0x0000000085800000|100%| O|  |TAMS 0x0000000085800000, 0x0000000085700000| Untracked 
|  12|0x0000000085800000, 0x0000000085900000, 0x0000000085900000|100%| O|  |TAMS 0x0000000085900000, 0x0000000085800000| Untracked 
|  13|0x0000000085900000, 0x0000000085a00000, 0x0000000085a00000|100%| O|  |TAMS 0x0000000085a00000, 0x0000000085900000| Untracked 
|  14|0x0000000085a00000, 0x0000000085b00000, 0x0000000085b00000|100%| O|  |TAMS 0x0000000085b00000, 0x0000000085a00000| Untracked 
|  15|0x0000000085b00000, 0x0000000085b00000, 0x0000000085c00000|  0%| F|  |TAMS 0x0000000085b00000, 0x0000000085b00000| Untracked 
|  16|0x0000000085c00000, 0x0000000085d00000, 0x0000000085d00000|100%| O|  |TAMS 0x0000000085d00000, 0x0000000085c00000| Untracked 
|  17|0x0000000085d00000, 0x0000000085e00000, 0x0000000085e00000|100%| O|  |TAMS 0x0000000085d38e00, 0x0000000085d00000| Untracked 
|  18|0x0000000085e00000, 0x0000000085f00000, 0x0000000085f00000|100%| O|  |TAMS 0x0000000085e00000, 0x0000000085e00000| Untracked 
|  19|0x0000000085f00000, 0x0000000086000000, 0x0000000086000000|100%| O|  |TAMS 0x0000000085f00000, 0x0000000085f00000| Untracked 
|  20|0x0000000086000000, 0x0000000086100000, 0x0000000086100000|100%| O|  |TAMS 0x0000000086000000, 0x0000000086000000| Untracked 
|  21|0x0000000086100000, 0x00000000861d1000, 0x0000000086200000| 81%| O|  |TAMS 0x0000000086100000, 0x0000000086100000| Untracked 
|  22|0x0000000086200000, 0x0000000086200000, 0x0000000086300000|  0%| F|  |TAMS 0x0000000086200000, 0x0000000086200000| Untracked 
|  23|0x0000000086300000, 0x0000000086300000, 0x0000000086400000|  0%| F|  |TAMS 0x0000000086300000, 0x0000000086300000| Untracked 
|  24|0x0000000086400000, 0x0000000086400000, 0x0000000086500000|  0%| F|  |TAMS 0x0000000086400000, 0x0000000086400000| Untracked 
|  25|0x0000000086500000, 0x0000000086500000, 0x0000000086600000|  0%| F|  |TAMS 0x0000000086500000, 0x0000000086500000| Untracked 
|  26|0x0000000086600000, 0x0000000086600000, 0x0000000086700000|  0%| F|  |TAMS 0x0000000086600000, 0x0000000086600000| Untracked 
|  27|0x0000000086700000, 0x0000000086700000, 0x0000000086800000|  0%| F|  |TAMS 0x0000000086700000, 0x0000000086700000| Untracked 
|  28|0x0000000086800000, 0x0000000086800000, 0x0000000086900000|  0%| F|  |TAMS 0x0000000086800000, 0x0000000086800000| Untracked 
|  29|0x0000000086900000, 0x0000000086900000, 0x0000000086a00000|  0%| F|  |TAMS 0x0000000086900000, 0x0000000086900000| Untracked 
|  30|0x0000000086a00000, 0x0000000086a00000, 0x0000000086b00000|  0%| F|  |TAMS 0x0000000086a00000, 0x0000000086a00000| Untracked 
|  31|0x0000000086b00000, 0x0000000086b00000, 0x0000000086c00000|  0%| F|  |TAMS 0x0000000086b00000, 0x0000000086b00000| Untracked 
|  32|0x0000000086c00000, 0x0000000086c00000, 0x0000000086d00000|  0%| F|  |TAMS 0x0000000086c00000, 0x0000000086c00000| Untracked 
|  33|0x0000000086d00000, 0x0000000086d00000, 0x0000000086e00000|  0%| F|  |TAMS 0x0000000086d00000, 0x0000000086d00000| Untracked 
|  34|0x0000000086e00000, 0x0000000086e00000, 0x0000000086f00000|  0%| F|  |TAMS 0x0000000086e00000, 0x0000000086e00000| Untracked 
|  35|0x0000000086f00000, 0x0000000086f00000, 0x0000000087000000|  0%| F|  |TAMS 0x0000000086f00000, 0x0000000086f00000| Untracked 
|  36|0x0000000087000000, 0x0000000087000000, 0x0000000087100000|  0%| F|  |TAMS 0x0000000087000000, 0x0000000087000000| Untracked 
|  37|0x0000000087100000, 0x0000000087100000, 0x0000000087200000|  0%| F|  |TAMS 0x0000000087100000, 0x0000000087100000| Untracked 
|  38|0x0000000087200000, 0x0000000087200000, 0x0000000087300000|  0%| F|  |TAMS 0x0000000087200000, 0x0000000087200000| Untracked 
|  39|0x0000000087300000, 0x0000000087300000, 0x0000000087400000|  0%| F|  |TAMS 0x0000000087300000, 0x0000000087300000| Untracked 
|  40|0x0000000087400000, 0x0000000087400000, 0x0000000087500000|  0%| F|  |TAMS 0x0000000087400000, 0x0000000087400000| Untracked 
|  41|0x0000000087500000, 0x0000000087500000, 0x0000000087600000|  0%| F|  |TAMS 0x0000000087500000, 0x0000000087500000| Untracked 
|  42|0x0000000087600000, 0x0000000087600000, 0x0000000087700000|  0%| F|  |TAMS 0x0000000087600000, 0x0000000087600000| Untracked 
|  43|0x0000000087700000, 0x0000000087700000, 0x0000000087800000|  0%| F|  |TAMS 0x0000000087700000, 0x0000000087700000| Untracked 
|  44|0x0000000087800000, 0x0000000087800000, 0x0000000087900000|  0%| F|  |TAMS 0x0000000087800000, 0x0000000087800000| Untracked 
|  45|0x0000000087900000, 0x0000000087900000, 0x0000000087a00000|  0%| F|  |TAMS 0x0000000087900000, 0x0000000087900000| Untracked 
|  74|0x0000000089600000, 0x0000000089600000, 0x0000000089700000|  0%| F|  |TAMS 0x0000000089600000, 0x0000000089600000| Untracked 
|  75|0x0000000089700000, 0x0000000089700000, 0x0000000089800000|  0%| F|  |TAMS 0x0000000089700000, 0x0000000089700000| Untracked 
|  76|0x0000000089800000, 0x0000000089800000, 0x0000000089900000|  0%| F|  |TAMS 0x0000000089800000, 0x0000000089800000| Untracked 
|  77|0x0000000089900000, 0x0000000089900000, 0x0000000089a00000|  0%| F|  |TAMS 0x0000000089900000, 0x0000000089900000| Untracked 
|  78|0x0000000089a00000, 0x0000000089a61850, 0x0000000089b00000| 38%| E|  |TAMS 0x0000000089a00000, 0x0000000089a00000| Complete 
|  79|0x0000000089b00000, 0x0000000089c00000, 0x0000000089c00000|100%| E|CS|TAMS 0x0000000089b00000, 0x0000000089b00000| Complete 
|  80|0x0000000089c00000, 0x0000000089c380a8, 0x0000000089d00000| 21%| S|CS|TAMS 0x0000000089c00000, 0x0000000089c00000| Complete 
| 123|0x000000008c700000, 0x000000008c800000, 0x000000008c800000|100%| E|CS|TAMS 0x000000008c700000, 0x000000008c700000| Complete 

Card table byte_map: [0x000001e6e1ba0000,0x000001e6e1f80000] _byte_map_base: 0x000001e6e177a000

Marking Bits (Prev, Next): (CMBitMap*) 0x000001e6cac4af80, (CMBitMap*) 0x000001e6cac4afc0
 Prev Bits: [0x000001e6e2360000, 0x000001e6e4230000)
 Next Bits: [0x000001e6e4230000, 0x000001e6e6100000)

Polling page: 0x000001e6ca3a0000

Metaspace:

Usage:
  Non-class:     34.92 MB used.
      Class:      5.34 MB used.
       Both:     40.26 MB used.

Virtual space:
  Non-class space:       64.00 MB reserved,      35.12 MB ( 55%) committed,  1 nodes.
      Class space:        1.00 GB reserved,       5.56 MB ( <1%) committed,  1 nodes.
             Both:        1.06 GB reserved,      40.69 MB (  4%) committed. 

Chunk freelists:
   Non-Class:  12.45 MB
       Class:  10.45 MB
        Both:  22.91 MB

MaxMetaspaceSize: unlimited
CompressedClassSpaceSize: 1.00 GB
Initial GC threshold: 21.00 MB
Current GC threshold: 58.75 MB
CDS: on
MetaspaceReclaimPolicy: balanced
 - commit_granule_bytes: 65536.
 - commit_granule_words: 8192.
 - virtual_space_node_default_size: 8388608.
 - enlarge_chunks_in_place: 1.
 - new_chunks_are_fully_committed: 0.
 - uncommit_free_chunks: 1.
 - use_allocation_guard: 0.
 - handle_deallocations: 1.


Internal statistics:

num_allocs_failed_limit: 6.
num_arena_births: 544.
num_arena_deaths: 0.
num_vsnodes_births: 2.
num_vsnodes_deaths: 0.
num_space_committed: 651.
num_space_uncommitted: 0.
num_chunks_returned_to_freelist: 6.
num_chunks_taken_from_freelist: 2020.
num_chunk_merges: 3.
num_chunk_splits: 1454.
num_chunks_enlarged: 1140.
num_inconsistent_stats: 0.

CodeHeap 'non-profiled nmethods': size=120000Kb used=2966Kb max_used=2966Kb free=117033Kb
 bounds [0x000001e6d9f60000, 0x000001e6da250000, 0x000001e6e1490000]
CodeHeap 'profiled nmethods': size=120000Kb used=9330Kb max_used=9330Kb free=110669Kb
 bounds [0x000001e6d2490000, 0x000001e6d2db0000, 0x000001e6d99c0000]
CodeHeap 'non-nmethods': size=5760Kb used=1259Kb max_used=1304Kb free=4500Kb
 bounds [0x000001e6d99c0000, 0x000001e6d9c30000, 0x000001e6d9f60000]
 total_blobs=4806 nmethods=4248 adapters=470
 compilation: enabled
              stopped_count=0, restarted_count=0
 full_count=0

Compilation events (20 events):
Event: 16.204 Thread 0x000001e6e8b2acb0 4244       4       java.util.jar.Attributes::getValue (9 bytes)
Event: 16.211 Thread 0x000001e6e8b2acb0 nmethod 4244 0x000001e6da244e10 code [0x000001e6da244fc0, 0x000001e6da2452e8]
Event: 16.230 Thread 0x000001e6e8b2b760 4245       3       java.lang.reflect.ProxyGenerator::addProxyMethod (33 bytes)
Event: 16.230 Thread 0x000001e6e8b2acb0 4247       4       jdk.internal.org.objectweb.asm.Frame::getLocal (46 bytes)
Event: 16.231 Thread 0x000001e6e8b2b760 nmethod 4245 0x000001e6d2da9f10 code [0x000001e6d2daa100, 0x000001e6d2daa658]
Event: 16.231 Thread 0x000001e6e8b2b760 4246       3       java.lang.reflect.ProxyGenerator$$Lambda$50/0x000001e681065868::apply (8 bytes)
Event: 16.231 Thread 0x000001e6e8b2b760 nmethod 4246 0x000001e6d2daa810 code [0x000001e6d2daa9c0, 0x000001e6d2daacc8]
Event: 16.232 Thread 0x000001e6e8b2acb0 nmethod 4247 0x000001e6da245690 code [0x000001e6da245800, 0x000001e6da2458d8]
Event: 16.309 Thread 0x000001e6e8b2b760 4248       3       net.bytebuddy.matcher.ElementMatcher$Junction$ForNonNullValues::matches (18 bytes)
Event: 16.310 Thread 0x000001e6e8b2b760 nmethod 4248 0x000001e6d2daae10 code [0x000001e6d2daafc0, 0x000001e6d2dab228]
Event: 16.310 Thread 0x000001e6e8b2b760 4249       3       net.bytebuddy.description.method.MethodList$ForLoadedMethods::get (6 bytes)
Event: 16.311 Thread 0x000001e6e8b2b760 nmethod 4249 0x000001e6d2dab310 code [0x000001e6d2dab4c0, 0x000001e6d2dab608]
Event: 16.311 Thread 0x000001e6e8b2b760 4250       3       net.bytebuddy.description.method.MethodDescription$InDefinedShape$AbstractBase$ForLoadedExecutable::<init> (10 bytes)
Event: 16.311 Thread 0x000001e6e8b2b760 nmethod 4250 0x000001e6d2dab690 code [0x000001e6d2dab840, 0x000001e6d2dabb78]
Event: 16.311 Thread 0x000001e6e8b2b760 4251       3       net.bytebuddy.description.method.MethodDescription$InDefinedShape$AbstractBase::<init> (5 bytes)
Event: 16.311 Thread 0x000001e6e8b2b760 nmethod 4251 0x000001e6d2dabd10 code [0x000001e6d2dabec0, 0x000001e6d2dac138]
Event: 16.315 Thread 0x000001e6e8b2acb0 4252   !   4       java.net.URL::<init> (543 bytes)
Event: 16.319 Thread 0x000001e6e8b2b760 4253       3       net.bytebuddy.description.method.MethodDescription$ForLoadedMethod::<init> (6 bytes)
Event: 16.320 Thread 0x000001e6e8b2b760 nmethod 4253 0x000001e6d2dac290 code [0x000001e6d2dac460, 0x000001e6d2dac7f8]
Event: 16.361 Thread 0x000001e6e8b2b760 4254       3       sun.reflect.annotation.AnnotationParser::parseMemberValue (230 bytes)

GC Heap History (20 events):
Event: 1.130 GC heap before
{Heap before GC invocations=0 (full 0):
 garbage-first heap   total 126976K, used 24576K [0x0000000084c00000, 0x0000000100000000)
  region size 1024K, 23 young (23552K), 0 survivors (0K)
 Metaspace       used 5400K, committed 5632K, reserved 1114112K
  class space    used 625K, committed 768K, reserved 1048576K
}
Event: 1.136 GC heap after
{Heap after GC invocations=1 (full 0):
 garbage-first heap   total 126976K, used 7775K [0x0000000084c00000, 0x0000000100000000)
  region size 1024K, 3 young (3072K), 3 survivors (3072K)
 Metaspace       used 5400K, committed 5632K, reserved 1114112K
  class space    used 625K, committed 768K, reserved 1048576K
}
Event: 2.022 GC heap before
{Heap before GC invocations=1 (full 0):
 garbage-first heap   total 126976K, used 36447K [0x0000000084c00000, 0x0000000100000000)
  region size 1024K, 32 young (32768K), 3 survivors (3072K)
 Metaspace       used 12310K, committed 12608K, reserved 1114112K
  class space    used 1676K, committed 1792K, reserved 1048576K
}
Event: 2.030 GC heap after
{Heap after GC invocations=2 (full 0):
 garbage-first heap   total 126976K, used 10060K [0x0000000084c00000, 0x0000000100000000)
  region size 1024K, 3 young (3072K), 3 survivors (3072K)
 Metaspace       used 12310K, committed 12608K, reserved 1114112K
  class space    used 1676K, committed 1792K, reserved 1048576K
}
Event: 2.825 GC heap before
{Heap before GC invocations=2 (full 0):
 garbage-first heap   total 126976K, used 48972K [0x0000000084c00000, 0x0000000100000000)
  region size 1024K, 43 young (44032K), 3 survivors (3072K)
 Metaspace       used 21187K, committed 21504K, reserved 1114112K
  class space    used 2752K, committed 2944K, reserved 1048576K
}
Event: 2.833 GC heap after
{Heap after GC invocations=3 (full 0):
 garbage-first heap   total 126976K, used 14149K [0x0000000084c00000, 0x0000000100000000)
  region size 1024K, 7 young (7168K), 7 survivors (7168K)
 Metaspace       used 21187K, committed 21504K, reserved 1114112K
  class space    used 2752K, committed 2944K, reserved 1048576K
}
Event: 4.190 GC heap before
{Heap before GC invocations=4 (full 0):
 garbage-first heap   total 55296K, used 39749K [0x0000000084c00000, 0x0000000100000000)
  region size 1024K, 32 young (32768K), 7 survivors (7168K)
 Metaspace       used 24082K, committed 24512K, reserved 1114112K
  class space    used 3121K, committed 3328K, reserved 1048576K
}
Event: 4.198 GC heap after
{Heap after GC invocations=5 (full 0):
 garbage-first heap   total 55296K, used 15783K [0x0000000084c00000, 0x0000000100000000)
  region size 1024K, 3 young (3072K), 3 survivors (3072K)
 Metaspace       used 24082K, committed 24512K, reserved 1114112K
  class space    used 3121K, committed 3328K, reserved 1048576K
}
Event: 4.338 GC heap before
{Heap before GC invocations=5 (full 0):
 garbage-first heap   total 55296K, used 16807K [0x0000000084c00000, 0x0000000100000000)
  region size 1024K, 4 young (4096K), 3 survivors (3072K)
 Metaspace       used 24235K, committed 24576K, reserved 1114112K
  class space    used 3142K, committed 3328K, reserved 1048576K
}
Event: 4.343 GC heap after
{Heap after GC invocations=6 (full 0):
 garbage-first heap   total 55296K, used 15962K [0x0000000084c00000, 0x0000000100000000)
  region size 1024K, 1 young (1024K), 1 survivors (1024K)
 Metaspace       used 24235K, committed 24576K, reserved 1114112K
  class space    used 3142K, committed 3328K, reserved 1048576K
}
Event: 9.300 GC heap before
{Heap before GC invocations=6 (full 0):
 garbage-first heap   total 55296K, used 37466K [0x0000000084c00000, 0x0000000100000000)
  region size 1024K, 22 young (22528K), 1 survivors (1024K)
 Metaspace       used 27730K, committed 28160K, reserved 1114112K
  class space    used 3705K, committed 3904K, reserved 1048576K
}
Event: 9.321 GC heap after
{Heap after GC invocations=7 (full 0):
 garbage-first heap   total 55296K, used 17726K [0x0000000084c00000, 0x0000000100000000)
  region size 1024K, 3 young (3072K), 3 survivors (3072K)
 Metaspace       used 27730K, committed 28160K, reserved 1114112K
  class space    used 3705K, committed 3904K, reserved 1048576K
}
Event: 11.824 GC heap before
{Heap before GC invocations=7 (full 0):
 garbage-first heap   total 55296K, used 38206K [0x0000000084c00000, 0x0000000100000000)
  region size 1024K, 23 young (23552K), 3 survivors (3072K)
 Metaspace       used 31314K, committed 31680K, reserved 1114112K
  class space    used 4110K, committed 4288K, reserved 1048576K
}
Event: 11.832 GC heap after
{Heap after GC invocations=8 (full 0):
 garbage-first heap   total 55296K, used 19683K [0x0000000084c00000, 0x0000000100000000)
  region size 1024K, 2 young (2048K), 2 survivors (2048K)
 Metaspace       used 31314K, committed 31680K, reserved 1114112K
  class space    used 4110K, committed 4288K, reserved 1048576K
}
Event: 13.433 GC heap before
{Heap before GC invocations=8 (full 0):
 garbage-first heap   total 55296K, used 31971K [0x0000000084c00000, 0x0000000100000000)
  region size 1024K, 16 young (16384K), 2 survivors (2048K)
 Metaspace       used 35605K, committed 35968K, reserved 1114112K
  class space    used 4608K, committed 4800K, reserved 1048576K
}
Event: 13.440 GC heap after
{Heap after GC invocations=9 (full 0):
 garbage-first heap   total 55296K, used 20850K [0x0000000084c00000, 0x0000000100000000)
  region size 1024K, 2 young (2048K), 2 survivors (2048K)
 Metaspace       used 35605K, committed 35968K, reserved 1114112K
  class space    used 4608K, committed 4800K, reserved 1048576K
}
Event: 16.084 GC heap before
{Heap before GC invocations=10 (full 0):
 garbage-first heap   total 55296K, used 40306K [0x0000000084c00000, 0x0000000100000000)
  region size 1024K, 21 young (21504K), 2 survivors (2048K)
 Metaspace       used 40543K, committed 41024K, reserved 1114112K
  class space    used 5324K, committed 5568K, reserved 1048576K
}
Event: 16.089 GC heap after
{Heap after GC invocations=11 (full 0):
 garbage-first heap   total 55296K, used 21721K [0x0000000084c00000, 0x0000000100000000)
  region size 1024K, 3 young (3072K), 3 survivors (3072K)
 Metaspace       used 40543K, committed 41024K, reserved 1114112K
  class space    used 5324K, committed 5568K, reserved 1048576K
}
Event: 16.218 GC heap before
{Heap before GC invocations=11 (full 0):
 garbage-first heap   total 55296K, used 22745K [0x0000000084c00000, 0x0000000100000000)
  region size 1024K, 4 young (4096K), 3 survivors (3072K)
 Metaspace       used 40785K, committed 41280K, reserved 1114112K
  class space    used 5376K, committed 5632K, reserved 1048576K
}
Event: 16.224 GC heap after
{Heap after GC invocations=12 (full 0):
 garbage-first heap   total 55296K, used 21540K [0x0000000084c00000, 0x0000000100000000)
  region size 1024K, 1 young (1024K), 1 survivors (1024K)
 Metaspace       used 40785K, committed 41280K, reserved 1114112K
  class space    used 5376K, committed 5632K, reserved 1048576K
}

Deoptimization events (20 events):
Event: 13.552 Thread 0x000001e6eda46140 DEOPT PACKING pc=0x000001e6da1e54ac sp=0x000000971c3fb370
Event: 13.552 Thread 0x000001e6eda46140 DEOPT UNPACKING pc=0x000001e6d9a15ba3 sp=0x000000971c3fb330 mode 2
Event: 13.841 Thread 0x000001e6eda46140 Uncommon trap: trap_request=0xffffff45 fr.pc=0x000001e6da1b4cc4 relative=0x0000000000003a44
Event: 13.841 Thread 0x000001e6eda46140 Uncommon trap: reason=unstable_if action=reinterpret pc=0x000001e6da1b4cc4 method=java.net.URL.<init>(Ljava/net/URL;Ljava/lang/String;Ljava/net/URLStreamHandler;)V @ 57 c2
Event: 13.841 Thread 0x000001e6eda46140 DEOPT PACKING pc=0x000001e6da1b4cc4 sp=0x000000971c3fd4f0
Event: 13.841 Thread 0x000001e6eda46140 DEOPT UNPACKING pc=0x000001e6d9a15ba3 sp=0x000000971c3fd4b0 mode 2
Event: 13.841 Thread 0x000001e6eda46140 Uncommon trap: trap_request=0xffffff45 fr.pc=0x000001e6da0b61dc relative=0x0000000000002f7c
Event: 13.841 Thread 0x000001e6eda46140 Uncommon trap: reason=unstable_if action=reinterpret pc=0x000001e6da0b61dc method=java.net.URLStreamHandler.parseURL(Ljava/net/URL;Ljava/lang/String;II)V @ 57 c2
Event: 13.841 Thread 0x000001e6eda46140 DEOPT PACKING pc=0x000001e6da0b61dc sp=0x000000971c3fd380
Event: 13.841 Thread 0x000001e6eda46140 DEOPT UNPACKING pc=0x000001e6d9a15ba3 sp=0x000000971c3fd320 mode 2
Event: 14.481 Thread 0x000001e6eda46140 DEOPT PACKING pc=0x000001e6d26a85a3 sp=0x000000971c3fbfa0
Event: 14.481 Thread 0x000001e6eda46140 DEOPT UNPACKING pc=0x000001e6d9a166e3 sp=0x000000971c3fb410 mode 0
Event: 15.479 Thread 0x000001e6eda46140 Uncommon trap: trap_request=0xffffff54 fr.pc=0x000001e6da1ef05c relative=0x0000000000001b1c
Event: 15.479 Thread 0x000001e6eda46140 Uncommon trap: reason=speculate_null_assert action=make_not_entrant pc=0x000001e6da1ef05c method=java.util.jar.JarFile.getVersionedEntry(Ljava/lang/String;Ljava/util/jar/JarEntry;)Ljava/util/jar/JarEntry; @ 115 c2
Event: 15.479 Thread 0x000001e6eda46140 DEOPT PACKING pc=0x000001e6da1ef05c sp=0x000000971c3f8ee0
Event: 15.479 Thread 0x000001e6eda46140 DEOPT UNPACKING pc=0x000001e6d9a15ba3 sp=0x000000971c3f8d80 mode 2
Event: 15.481 Thread 0x000001e6eda46140 Uncommon trap: trap_request=0xffffff54 fr.pc=0x000001e6da1ec41c relative=0x00000000000010fc
Event: 15.481 Thread 0x000001e6eda46140 Uncommon trap: reason=speculate_null_assert action=make_not_entrant pc=0x000001e6da1ec41c method=java.util.jar.JarFile.getVersionedEntry(Ljava/lang/String;Ljava/util/jar/JarEntry;)Ljava/util/jar/JarEntry; @ 115 c2
Event: 15.481 Thread 0x000001e6eda46140 DEOPT PACKING pc=0x000001e6da1ec41c sp=0x000000971c3f7400
Event: 15.481 Thread 0x000001e6eda46140 DEOPT UNPACKING pc=0x000001e6d9a15ba3 sp=0x000000971c3f7368 mode 2

Classes unloaded (0 events):
No events

Classes redefined (0 events):
No events

Internal exceptions (20 events):
Event: 8.907 Thread 0x000001e6eda46140 Exception <a 'java/lang/NoSuchMethodError'{0x0000000086d785f8}: 'java.lang.Object java.lang.invoke.DirectMethodHandle$Holder.newInvokeSpecial(java.lang.Object, java.lang.Object, java.lang.Object, int)'> (0x0000000086d785f8) 
thrown [s\open\src\hotspot\share\interpreter\linkResolver.cpp, line 759]
Event: 8.912 Thread 0x000001e6eda46140 Exception <a 'java/lang/NoSuchMethodError'{0x0000000086d7c8e0}: 'java.lang.Object java.lang.invoke.DirectMethodHandle$Holder.invokeSpecial(java.lang.Object, java.lang.Object, java.lang.Object, java.lang.Object, int)'> (0x0000000086d7c8e0) 
thrown [s\open\src\hotspot\share\interpreter\linkResolver.cpp, line 759]
Event: 8.914 Thread 0x000001e6eda46140 Exception <a 'java/lang/NoSuchMethodError'{0x0000000086d804a8}: 'java.lang.Object java.lang.invoke.Invokers$Holder.linkToTargetMethod(java.lang.Object, java.lang.Object, int, java.lang.Object)'> (0x0000000086d804a8) 
thrown [s\open\src\hotspot\share\interpreter\linkResolver.cpp, line 759]
Event: 9.823 Thread 0x000001e6eda46140 Exception <a 'java/lang/NoSuchMethodError'{0x0000000089cf4460}: 'java.lang.Object java.lang.invoke.DirectMethodHandle$Holder.invokeStaticInit(java.lang.Object, int, int, int, int)'> (0x0000000089cf4460) 
thrown [s\open\src\hotspot\share\interpreter\linkResolver.cpp, line 759]
Event: 10.272 Thread 0x000001e6eda46140 Exception <a 'java/lang/NoSuchMethodError'{0x0000000089bd0ff0}: 'java.lang.Object java.lang.invoke.DirectMethodHandle$Holder.invokeStaticInit(java.lang.Object, java.lang.Object, int, int, int, int)'> (0x0000000089bd0ff0) 
thrown [s\open\src\hotspot\share\interpreter\linkResolver.cpp, line 759]
Event: 10.722 Thread 0x000001e6eda46140 Exception <a 'sun/nio/fs/WindowsException'{0x0000000087728810}> (0x0000000087728810) 
thrown [s\open\src\hotspot\share\prims\jni.cpp, line 516]
Event: 10.726 Thread 0x000001e6eda46140 Exception <a 'sun/nio/fs/WindowsException'{0x000000008772e198}> (0x000000008772e198) 
thrown [s\open\src\hotspot\share\prims\jni.cpp, line 516]
Event: 10.728 Thread 0x000001e6eda46140 Exception <a 'sun/nio/fs/WindowsException'{0x000000008772e870}> (0x000000008772e870) 
thrown [s\open\src\hotspot\share\prims\jni.cpp, line 516]
Event: 10.830 Thread 0x000001e6eda46140 Exception <a 'java/io/FileNotFoundException'{0x000000008764a400}> (0x000000008764a400) 
thrown [s\open\src\hotspot\share\prims\jni.cpp, line 516]
Event: 10.981 Thread 0x000001e6eda46140 Exception <a 'java/lang/NoSuchMethodError'{0x00000000874a3338}: 'int java.lang.invoke.DirectMethodHandle$Holder.invokeInterface(java.lang.Object, java.lang.Object, java.lang.Object, java.lang.Object)'> (0x00000000874a3338) 
thrown [s\open\src\hotspot\share\interpreter\linkResolver.cpp, line 759]
Event: 11.259 Thread 0x000001e6eda46140 Exception <a 'java/lang/NoSuchMethodError'{0x00000000872fd4f8}: 'long java.lang.invoke.DirectMethodHandle$Holder.invokeVirtual(java.lang.Object, java.lang.Object)'> (0x00000000872fd4f8) 
thrown [s\open\src\hotspot\share\interpreter\linkResolver.cpp, line 759]
Event: 11.283 Thread 0x000001e6eda46140 Exception <a 'java/io/FileNotFoundException'{0x000000008712c1d0}> (0x000000008712c1d0) 
thrown [s\open\src\hotspot\share\prims\jni.cpp, line 516]
Event: 11.414 Thread 0x000001e6eda46140 Exception <a 'java/lang/NoSuchMethodError'{0x0000000087024008}: 'void java.lang.invoke.DirectMethodHandle$Holder.invokeVirtual(java.lang.Object, java.lang.Object, long)'> (0x0000000087024008) 
thrown [s\open\src\hotspot\share\interpreter\linkResolver.cpp, line 759]
Event: 11.522 Thread 0x000001e6eda46140 Implicit null exception at 0x000001e6da1ad03c to 0x000001e6da1ad59c
Event: 11.527 Thread 0x000001e6eda46140 Implicit null exception at 0x000001e6da1ac0a6 to 0x000001e6da1ac3d0
Event: 12.094 Thread 0x000001e6eda46140 Implicit null exception at 0x000001e6da10245b to 0x000001e6da102944
Event: 12.128 Thread 0x000001e6eda46140 Exception <a 'sun/nio/fs/WindowsException'{0x000000008c7e4c38}> (0x000000008c7e4c38) 
thrown [s\open\src\hotspot\share\prims\jni.cpp, line 516]
Event: 12.394 Thread 0x000001e6eda46140 Implicit null exception at 0x000001e6da0f6d05 to 0x000001e6da0f7364
Event: 12.867 Thread 0x000001e6eda46140 Exception <a 'java/lang/NoSuchMethodError'{0x00000000898a3580}: 'void java.lang.invoke.DirectMethodHandle$Holder.invokeStaticInit(java.lang.Object, java.lang.Object, java.lang.Object, java.lang.Object, java.lang.Object)'> (0x00000000898a3580) 
thrown [s\open\src\hotspot\share\interpreter\linkResolver.cpp, line 759]
Event: 13.547 Thread 0x000001e6eda46140 Exception <a 'java/lang/NoSuchMethodError'{0x000000008c780ed8}: 'java.lang.Object java.lang.invoke.DirectMethodHandle$Holder.invokeStaticInit(java.lang.Object, java.lang.Object, java.lang.Object, java.lang.Object)'> (0x000000008c780ed8) 
thrown [s\open\src\hotspot\share\interpreter\linkResolver.cpp, line 759]

VM Operations (20 events):
Event: 12.702 Executing VM operation: HandshakeAllThreads
Event: 12.703 Executing VM operation: HandshakeAllThreads done
Event: 12.821 Executing VM operation: HandshakeAllThreads
Event: 12.821 Executing VM operation: HandshakeAllThreads done
Event: 12.878 Executing VM operation: HandshakeAllThreads
Event: 12.878 Executing VM operation: HandshakeAllThreads done
Event: 13.385 Executing VM operation: CollectForMetadataAllocation
Event: 13.442 Executing VM operation: CollectForMetadataAllocation done
Event: 13.468 Executing VM operation: G1Concurrent
Event: 13.478 Executing VM operation: G1Concurrent done
Event: 13.490 Executing VM operation: G1Concurrent
Event: 13.524 Executing VM operation: G1Concurrent done
Event: 14.399 Executing VM operation: HandshakeAllThreads
Event: 14.399 Executing VM operation: HandshakeAllThreads done
Event: 15.403 Executing VM operation: Cleanup
Event: 15.403 Executing VM operation: Cleanup done
Event: 16.084 Executing VM operation: G1CollectForAllocation
Event: 16.090 Executing VM operation: G1CollectForAllocation done
Event: 16.218 Executing VM operation: G1CollectForAllocation
Event: 16.224 Executing VM operation: G1CollectForAllocation done

Events (20 events):
Event: 13.733 loading class java/lang/instrument/ClassFileTransformer done
Event: 13.774 Thread 0x000001e6ee523130 Thread added: 0x000001e6ee523130
Event: 14.943 Thread 0x000001e6ee523130 Thread exited: 0x000001e6ee523130
Event: 15.441 loading class javax/xml/stream/XMLResolver
Event: 15.441 loading class javax/xml/stream/XMLResolver done
Event: 15.441 loading class javax/xml/stream/XMLEventReader
Event: 15.441 loading class javax/xml/stream/XMLEventReader done
Event: 15.449 loading class javax/xml/stream/XMLEventFactory
Event: 15.449 loading class javax/xml/stream/XMLEventFactory done
Event: 15.449 loading class javax/xml/stream/FactoryFinder
Event: 15.450 loading class javax/xml/stream/FactoryFinder done
Event: 15.452 loading class javax/xml/stream/FactoryFinder$1
Event: 15.452 loading class javax/xml/stream/FactoryFinder$1 done
Event: 15.456 loading class com/sun/xml/internal/stream/events/XMLEventFactoryImpl
Event: 15.459 loading class com/sun/xml/internal/stream/events/XMLEventFactoryImpl done
Event: 15.569 loading class java/lang/Process
Event: 15.569 loading class java/lang/Process done
Event: 15.649 loading class java/lang/reflect/GenericSignatureFormatError
Event: 15.649 loading class java/lang/reflect/GenericSignatureFormatError done
Event: 15.769 Loaded shared library C:\Program Files\Java\jdk-17\bin\verify.dll


Dynamic libraries:
0x00007ff626f90000 - 0x00007ff626fa0000 	C:\Program Files\Java\jdk-17\bin\java.exe
0x00007ff8d9b90000 - 0x00007ff8d9da7000 	C:\WINDOWS\SYSTEM32\ntdll.dll
0x00007ff8d8460000 - 0x00007ff8d8524000 	C:\WINDOWS\System32\KERNEL32.DLL
0x00007ff8d7110000 - 0x00007ff8d74e0000 	C:\WINDOWS\System32\KERNELBASE.dll
0x00007ff8d1a20000 - 0x00007ff8d1ab7000 	C:\WINDOWS\SYSTEM32\apphelp.dll
0x00007ff8d74e0000 - 0x00007ff8d75f1000 	C:\WINDOWS\System32\ucrtbase.dll
0x00007ff8c0230000 - 0x00007ff8c024b000 	C:\Program Files\Java\jdk-17\bin\VCRUNTIME140.dll
0x00007ff8bb120000 - 0x00007ff8bb139000 	C:\Program Files\Java\jdk-17\bin\jli.dll
0x00007ff8d8be0000 - 0x00007ff8d8c91000 	C:\WINDOWS\System32\ADVAPI32.dll
0x00007ff8d8b30000 - 0x00007ff8d8bd7000 	C:\WINDOWS\System32\msvcrt.dll
0x00007ff8d80d0000 - 0x00007ff8d8178000 	C:\WINDOWS\System32\sechost.dll
0x00007ff8d76b0000 - 0x00007ff8d76d8000 	C:\WINDOWS\System32\bcrypt.dll
0x00007ff8d8180000 - 0x00007ff8d8298000 	C:\WINDOWS\System32\RPCRT4.dll
0x00007ff8d8960000 - 0x00007ff8d8b11000 	C:\WINDOWS\System32\USER32.dll
0x00007ff8d7680000 - 0x00007ff8d76a6000 	C:\WINDOWS\System32\win32u.dll
0x00007ff8d7f40000 - 0x00007ff8d7f69000 	C:\WINDOWS\System32\GDI32.dll
0x00007ff8d6d10000 - 0x00007ff8d6e33000 	C:\WINDOWS\System32\gdi32full.dll
0x00007ff8be860000 - 0x00007ff8beafc000 	C:\WINDOWS\WinSxS\amd64_microsoft.windows.common-controls_6595b64144ccf1df_6.0.22621.5840_none_2710ea077384a4fe\COMCTL32.dll
0x00007ff8d6e40000 - 0x00007ff8d6eda000 	C:\WINDOWS\System32\msvcp_win.dll
0x00007ff8d24c0000 - 0x00007ff8d24ca000 	C:\WINDOWS\SYSTEM32\VERSION.dll
0x00007ff8d8530000 - 0x00007ff8d8561000 	C:\WINDOWS\System32\IMM32.DLL
0x00007ff8d1740000 - 0x00007ff8d174c000 	C:\Program Files\Java\jdk-17\bin\vcruntime140_1.dll
0x00007ff8a0190000 - 0x00007ff8a021e000 	C:\Program Files\Java\jdk-17\bin\msvcp140.dll
0x00007fffc66f0000 - 0x00007fffc72d0000 	C:\Program Files\Java\jdk-17\bin\server\jvm.dll
0x00007ff8d8b20000 - 0x00007ff8d8b28000 	C:\WINDOWS\System32\PSAPI.DLL
0x00007ff8d2260000 - 0x00007ff8d2294000 	C:\WINDOWS\SYSTEM32\WINMM.dll
0x00007ff8b9280000 - 0x00007ff8b9289000 	C:\WINDOWS\SYSTEM32\WSOCK32.dll
0x00007ff8d82a0000 - 0x00007ff8d8311000 	C:\WINDOWS\System32\WS2_32.dll
0x00007ff8d5ca0000 - 0x00007ff8d5cb8000 	C:\WINDOWS\SYSTEM32\kernel.appcore.dll
0x00007ff8bb110000 - 0x00007ff8bb11a000 	C:\Program Files\Java\jdk-17\bin\jimage.dll
0x00007ff8d3ed0000 - 0x00007ff8d4103000 	C:\WINDOWS\SYSTEM32\DBGHELP.DLL
0x00007ff8d8570000 - 0x00007ff8d8901000 	C:\WINDOWS\System32\combase.dll
0x00007ff8d8380000 - 0x00007ff8d8458000 	C:\WINDOWS\System32\OLEAUT32.dll
0x00007ff8c2240000 - 0x00007ff8c2272000 	C:\WINDOWS\SYSTEM32\dbgcore.DLL
0x00007ff8d6c90000 - 0x00007ff8d6d0b000 	C:\WINDOWS\System32\bcryptPrimitives.dll
0x00007ff8aa9d0000 - 0x00007ff8aa9de000 	C:\Program Files\Java\jdk-17\bin\instrument.dll
0x00007ff8b4e30000 - 0x00007ff8b4e55000 	C:\Program Files\Java\jdk-17\bin\java.dll
0x00007ff846640000 - 0x00007ff846717000 	C:\Program Files\Java\jdk-17\bin\jsvml.dll
0x00007ff8d91b0000 - 0x00007ff8d9a51000 	C:\WINDOWS\System32\SHELL32.dll
0x00007ff8d76e0000 - 0x00007ff8d781f000 	C:\WINDOWS\System32\wintypes.dll
0x00007ff8d4b20000 - 0x00007ff8d543a000 	C:\WINDOWS\SYSTEM32\windows.storage.dll
0x00007ff8d7fc0000 - 0x00007ff8d80ca000 	C:\WINDOWS\System32\SHCORE.dll
0x00007ff8d9ae0000 - 0x00007ff8d9b49000 	C:\WINDOWS\System32\shlwapi.dll
0x00007ff8d6bc0000 - 0x00007ff8d6be5000 	C:\WINDOWS\SYSTEM32\profapi.dll
0x00007ff8a1c70000 - 0x00007ff8a1c88000 	C:\Program Files\Java\jdk-17\bin\zip.dll
0x00007ff8b9650000 - 0x00007ff8b9669000 	C:\Program Files\Java\jdk-17\bin\net.dll
0x00007ff8d3500000 - 0x00007ff8d362c000 	C:\WINDOWS\SYSTEM32\WINHTTP.dll
0x00007ff8d61f0000 - 0x00007ff8d6259000 	C:\WINDOWS\system32\mswsock.dll
0x00007ff8b4de0000 - 0x00007ff8b4df6000 	C:\Program Files\Java\jdk-17\bin\nio.dll
0x00007ff8a1c60000 - 0x00007ff8a1c6a000 	C:\Program Files\Java\jdk-17\bin\management.dll
0x00007ff8a14f0000 - 0x00007ff8a14fb000 	C:\Program Files\Java\jdk-17\bin\management_ext.dll
0x00007ff8a5d20000 - 0x00007ff8a5d2e000 	C:\Program Files\Java\jdk-17\bin\sunmscapi.dll
0x00007ff8d6ee0000 - 0x00007ff8d7048000 	C:\WINDOWS\System32\CRYPT32.dll
0x00007ff8d6640000 - 0x00007ff8d666d000 	C:\WINDOWS\SYSTEM32\ncrypt.dll
0x00007ff8d6600000 - 0x00007ff8d6637000 	C:\WINDOWS\SYSTEM32\NTASN1.dll
0x00007ff8d6430000 - 0x00007ff8d644b000 	C:\WINDOWS\SYSTEM32\CRYPTSP.dll
0x00007ff8d5c00000 - 0x00007ff8d5c37000 	C:\WINDOWS\system32\rsaenh.dll
0x00007ff8d6290000 - 0x00007ff8d62b8000 	C:\WINDOWS\SYSTEM32\USERENV.dll
0x00007ff8d63f0000 - 0x00007ff8d63fc000 	C:\WINDOWS\SYSTEM32\CRYPTBASE.dll
0x00007ff8d5690000 - 0x00007ff8d56bd000 	C:\WINDOWS\SYSTEM32\IPHLPAPI.DLL
0x00007ff8d7ec0000 - 0x00007ff8d7ec9000 	C:\WINDOWS\System32\NSI.dll
0x00007ff8d24d0000 - 0x00007ff8d24e9000 	C:\WINDOWS\SYSTEM32\dhcpcsvc6.DLL
0x00007ff8d2490000 - 0x00007ff8d24af000 	C:\WINDOWS\SYSTEM32\dhcpcsvc.DLL
0x00007ff8d56c0000 - 0x00007ff8d57b8000 	C:\WINDOWS\SYSTEM32\DNSAPI.dll
0x00007ff8a0170000 - 0x00007ff8a0180000 	C:\Program Files\Java\jdk-17\bin\verify.dll

dbghelp: loaded successfully - version: 4.0.5 - missing functions: none
symbol engine: initialized successfully - sym options: 0x614 - pdb path: .;C:\Program Files\Java\jdk-17\bin;C:\WINDOWS\SYSTEM32;C:\WINDOWS\WinSxS\amd64_microsoft.windows.common-controls_6595b64144ccf1df_6.0.22621.5840_none_2710ea077384a4fe;C:\Program Files\Java\jdk-17\bin\server

VM Arguments:
jvm_args: -javaagent:D:\program\IntelliJ IDEA Community Edition 2025.2.1\lib\idea_rt.jar=64412 -Dfile.encoding=UTF-8 
java_command: com.example.QA.QaApplication
java_class_path (initial): D:\My_Files\eng\4th\QA\Project2\QA\QA\target\classes;C:\Users\ASUS\.m2\repository\org\springframework\boot\spring-boot-starter-data-jpa\3.5.5\spring-boot-starter-data-jpa-3.5.5.jar;C:\Users\ASUS\.m2\repository\org\springframework\boot\spring-boot-starter\3.5.5\spring-boot-starter-3.5.5.jar;C:\Users\ASUS\.m2\repository\org\springframework\boot\spring-boot-starter-logging\3.5.5\spring-boot-starter-logging-3.5.5.jar;C:\Users\ASUS\.m2\repository\ch\qos\logback\logback-classic\1.5.18\logback-classic-1.5.18.jar;C:\Users\ASUS\.m2\repository\ch\qos\logback\logback-core\1.5.18\logback-core-1.5.18.jar;C:\Users\ASUS\.m2\repository\org\apache\logging\log4j\log4j-to-slf4j\2.24.3\log4j-to-slf4j-2.24.3.jar;C:\Users\ASUS\.m2\repository\org\apache\logging\log4j\log4j-api\2.24.3\log4j-api-2.24.3.jar;C:\Users\ASUS\.m2\repository\org\slf4j\jul-to-slf4j\2.0.17\jul-to-slf4j-2.0.17.jar;C:\Users\ASUS\.m2\repository\jakarta\annotation\jakarta.annotation-api\2.1.1\jakarta.annotation-api-2.1.1.jar;C:\Users\ASUS\.m2\repository\org\yaml\snakeyaml\2.4\snakeyaml-2.4.jar;C:\Users\ASUS\.m2\repository\org\springframework\boot\spring-boot-starter-jdbc\3.5.5\spring-boot-starter-jdbc-3.5.5.jar;C:\Users\ASUS\.m2\repository\com\zaxxer\HikariCP\6.3.2\HikariCP-6.3.2.jar;C:\Users\ASUS\.m2\repository\org\springframework\spring-jdbc\6.2.10\spring-jdbc-6.2.10.jar;C:\Users\ASUS\.m2\repository\org\hibernate\orm\hibernate-core\6.6.26.Final\hibernate-core-6.6.26.Final.jar;C:\Users\ASUS\.m2\repository\jakarta\persistence\jakarta.persistence-api\3.1.0\jakarta.persistence-api-3.1.0.jar;C:\Users\ASUS\.m2\repository\jakarta\transaction\jakarta.transaction-api\2.0.1\jakarta.transaction-api-2.0.1.jar;C:\Users\ASUS\.m2\repository\org\jboss\logging\jboss-logging\3.6.1.Final\jboss-logging-3.6.1.Final.jar;C:\Users\ASUS\.m2\repository\org\hibernate\common\hibernate-commons-annotations\7.0.3.Final\hibernate-commons-annotations-7.0.3.Final.jar;C:\Users\ASUS\.m2\repository\io\smallrye\jandex\3.2.0\ja
Launcher Type: SUN_STANDARD

[Global flags]
     intx CICompilerCount                          = 4                                         {product} {ergonomic}
     uint ConcGCThreads                            = 2                                         {product} {ergonomic}
     uint G1ConcRefinementThreads                  = 8                                         {product} {ergonomic}
   size_t G1HeapRegionSize                         = 1048576                                   {product} {ergonomic}
    uintx GCDrainStackTargetSize                   = 64                                        {product} {ergonomic}
   size_t InitialHeapSize                          = 130023424                                 {product} {ergonomic}
   size_t MarkStackSize                            = 4194304                                   {product} {ergonomic}
   size_t MaxHeapSize                              = 2067791872                                {product} {ergonomic}
   size_t MaxNewSize                               = 1240465408                                {product} {ergonomic}
   size_t MinHeapDeltaBytes                        = 1048576                                   {product} {ergonomic}
   size_t MinHeapSize                              = 8388608                                   {product} {ergonomic}
    uintx NonNMethodCodeHeapSize                   = 5839372                                {pd product} {ergonomic}
    uintx NonProfiledCodeHeapSize                  = 122909434                              {pd product} {ergonomic}
    uintx ProfiledCodeHeapSize                     = 122909434                              {pd product} {ergonomic}
    uintx ReservedCodeCacheSize                    = 251658240                              {pd product} {ergonomic}
     bool SegmentedCodeCache                       = true                                      {product} {ergonomic}
   size_t SoftMaxHeapSize                          = 2067791872                             {manageable} {ergonomic}
     bool UseCompressedClassPointers               = true                           {product lp64_product} {ergonomic}
     bool UseCompressedOops                        = true                           {product lp64_product} {ergonomic}
     bool UseG1GC                                  = true                                      {product} {ergonomic}
     bool UseLargePagesIndividualAllocation        = false                                  {pd product} {ergonomic}

Logging:
Log output configuration:
 #0: stdout all=warning uptime,level,tags
 #1: stderr all=off uptime,level,tags

Environment Variables:
JAVA_HOME=C:\Program Files\Java\jdk-17.0.12
PATH=C:\Program Files\Common Files\Oracle\Java\javapath;C:\Program Files\Python313\Scripts\;C:\Program Files\Python313\;C:\Windows\system32;C:\Windows;C:\Windows\System32\Wbem;C:\Windows\System32\WindowsPowerShell\v1.0\;C:\Windows\System32\OpenSSH\;C:\Program Files (x86)\NVIDIA Corporation\PhysX\Common;C:\Program Files\NVIDIA Corporation\NVIDIA NvDLISR;C:\WINDOWS\system32;C:\WINDOWS;C:\WINDOWS\System32\Wbem;C:\WINDOWS\System32\WindowsPowerShell\v1.0\;C:\WINDOWS\System32\OpenSSH\;C:\Program Files\dotnet\;C:\Program Files\Microsoft SQL Server\Client SDK\ODBC\110\Tools\Binn\;C:\Program Files (x86)\Microsoft SQL Server\120\Tools\Binn\;C:\Program Files\Microsoft SQL Server\120\Tools\Binn\;C:\Program Files\Microsoft SQL Server\120\DTS\Binn\;C:\Program Files (x86)\Windows Kits\8.1\Windows Performance Toolkit\;C:\Program Files (x86)\Windows Kits\10\Windows Performance Toolkit\;C:\Users\ASUS\Downloads\opencv\build\bin;D:\setups\opencv\build\bin;C:\Program Files\Git\cmd;C:\Program Files\Ballerina\bin;C:\Program Files\Java\jdk-23\bin;C:\Program Files\nodejs\;D:\Download\ngrok-v3-stable-windows-amd64;C:\Program Files\PuTTY\;C:\msys64\ucrt64\bin;C:\Program Files\MariaDB 11.7\bin;C:\Program Files\CMake\bin;D:\FlutterInstall\flutter_windows_3.35.3-stable\flutter\bin;C:\Program Files\Java\jdk-17.0.12\bin;C:\Users\ASUS\AppData\Local\Microsoft\WindowsApps;C:\Users\ASUS\AppData\Local\Programs\Microsoft VS Code\bin;C:\Users\ASUS\AppData\Local\GitHubDesktop\bin;C:\Users\ASUS\.dotnet\tools;C:\Users\ASUS\AppData\Roaming\npm;C:\Users\ASUS\AppData\Roaming\Python\Python313\Scripts;C:\Program Files\JetBrains\IntelliJ IDEA 2025.1\bin;;
USERNAME=ASUS
OS=Windows_NT
PROCESSOR_IDENTIFIER=Intel64 Family 6 Model 140 Stepping 1, GenuineIntel



---------------  S Y S T E M  ---------------

OS:
 Windows 11 , 64 bit Build 22621 (10.0.22621.5415)
OS uptime: 0 days 1:14 hours
Hyper-V role detected

CPU: total 8 (initial active 8) (4 cores per cpu, 2 threads per core) family 6 model 140 stepping 1 microcode 0x86, cx8, cmov, fxsr, ht, mmx, 3dnowpref, sse, sse2, sse3, ssse3, sse4.1, sse4.2, popcnt, lzcnt, tsc, tscinvbit, avx, avx2, aes, erms, clmul, bmi1, bmi2, adx, avx512f, avx512dq, avx512cd, avx512bw, avx512vl, sha, fma, vzeroupper, avx512_vpopcntdq, avx512_vpclmulqdq, avx512_vaes, avx512_vnni, clflush, clflushopt, clwb, avx512_vbmi2, avx512_vbmi, hv

Memory: 4k page, system-wide physical 7886M (364M free)
TotalPageFile size 23619M (AvailPageFile size 522M)
current process WorkingSet (physical memory assigned to process): 182M, peak: 219M
current process commit charge ("private bytes"): 222M, peak: 277M

vm_info: Java HotSpot(TM) 64-Bit Server VM (17.0.12+8-LTS-286) for windows-amd64 JRE (17.0.12+8-LTS-286), built on Jun  5 2024 06:46:59 by "mach5one" with MS VC++ 17.6 (VS2022)

END.
